<?xml version="1.0" encoding="UTF-8"?>
<testsuite name="binarytree.BinaryTreeTest" tests="1" skipped="0" failures="0" errors="0" timestamp="2021-06-07T05:09:06" hostname="PRAVEEN-TQ9EU8H" time="0.033">
  <properties/>
  <testcase name="search()" classname="binarytree.BinaryTreeTest" time="0.033"/>
  <system-out><![CDATA[]]></system-out>
  <system-err><![CDATA[]]></system-err>
</testsuite>
